<?xml version="1.0" encoding="UTF-8"?>
<testsuite name="test.TodoApkTest" tests="1" skipped="0" failures="0" errors="0" timestamp="2020-09-26T16:35:04" hostname="DESKTOP-IFTT01R" time="13.313">
  <properties/>
  <testcase name="testMoreOptions" classname="test.TodoApkTest" time="13.313"/>
  <system-out><![CDATA[]]></system-out>
  <system-err><![CDATA[sep 26, 2020 6:35:14 PM io.appium.java_client.remote.AppiumCommandExecutor$1 lambda$0
INFORMACIÓN: Detected dialect: W3C
]]></system-err>
</testsuite>
